24-Jul-2017 17:45:01.651 INFO [main] org.apache.catalina.startup.VersionLoggerListener.log Server version:        Apache Tomcat/9.0.0.M22
24-Jul-2017 17:45:01.726 INFO [main] org.apache.catalina.startup.VersionLoggerListener.log Server built:          Jun 21 2017 09:44:18 UTC
24-Jul-2017 17:45:01.726 INFO [main] org.apache.catalina.startup.VersionLoggerListener.log Server number:         9.0.0.0
24-Jul-2017 17:45:01.726 INFO [main] org.apache.catalina.startup.VersionLoggerListener.log OS Name:               Linux
24-Jul-2017 17:45:01.726 INFO [main] org.apache.catalina.startup.VersionLoggerListener.log OS Version:            4.10.0-27-generic
24-Jul-2017 17:45:01.726 INFO [main] org.apache.catalina.startup.VersionLoggerListener.log Architecture:          amd64
24-Jul-2017 17:45:01.726 INFO [main] org.apache.catalina.startup.VersionLoggerListener.log Java Home:             /usr/lib/jvm/java-8-oracle/jre
24-Jul-2017 17:45:01.727 INFO [main] org.apache.catalina.startup.VersionLoggerListener.log JVM Version:           1.8.0_131-b11
24-Jul-2017 17:45:01.727 INFO [main] org.apache.catalina.startup.VersionLoggerListener.log JVM Vendor:            Oracle Corporation
24-Jul-2017 17:45:01.727 INFO [main] org.apache.catalina.startup.VersionLoggerListener.log CATALINA_BASE:         /home/linhtran/Documents/team/server/apache-tomcat-9.0.0.M22
24-Jul-2017 17:45:01.727 INFO [main] org.apache.catalina.startup.VersionLoggerListener.log CATALINA_HOME:         /home/linhtran/Documents/team/server/apache-tomcat-9.0.0.M22
24-Jul-2017 17:45:01.729 INFO [main] org.apache.catalina.startup.VersionLoggerListener.log Command line argument: -Djava.util.logging.config.file=/home/linhtran/Documents/team/server/apache-tomcat-9.0.0.M22/conf/logging.properties
24-Jul-2017 17:45:01.730 INFO [main] org.apache.catalina.startup.VersionLoggerListener.log Command line argument: -Djava.util.logging.manager=org.apache.juli.ClassLoaderLogManager
24-Jul-2017 17:45:01.730 INFO [main] org.apache.catalina.startup.VersionLoggerListener.log Command line argument: -Djdk.tls.ephemeralDHKeySize=2048
24-Jul-2017 17:45:01.731 INFO [main] org.apache.catalina.startup.VersionLoggerListener.log Command line argument: -Djava.protocol.handler.pkgs=org.apache.catalina.webresources
24-Jul-2017 17:45:01.731 INFO [main] org.apache.catalina.startup.VersionLoggerListener.log Command line argument: -Dcatalina.base=/home/linhtran/Documents/team/server/apache-tomcat-9.0.0.M22
24-Jul-2017 17:45:01.732 INFO [main] org.apache.catalina.startup.VersionLoggerListener.log Command line argument: -Dcatalina.home=/home/linhtran/Documents/team/server/apache-tomcat-9.0.0.M22
24-Jul-2017 17:45:01.732 INFO [main] org.apache.catalina.startup.VersionLoggerListener.log Command line argument: -Djava.io.tmpdir=/home/linhtran/Documents/team/server/apache-tomcat-9.0.0.M22/temp
24-Jul-2017 17:45:01.732 INFO [main] org.apache.catalina.core.AprLifecycleListener.lifecycleEvent The APR based Apache Tomcat Native library which allows optimal performance in production environments was not found on the java.library.path: [/usr/java/packages/lib/amd64:/usr/lib64:/lib64:/lib:/usr/lib]
24-Jul-2017 17:45:02.494 INFO [main] org.apache.coyote.AbstractProtocol.init Initializing ProtocolHandler ["http-nio-8080"]
24-Jul-2017 17:45:02.538 INFO [main] org.apache.tomcat.util.net.NioSelectorPool.getSharedSelector Using a shared selector for servlet write/read
24-Jul-2017 17:45:02.569 INFO [main] org.apache.coyote.AbstractProtocol.init Initializing ProtocolHandler ["ajp-nio-8009"]
24-Jul-2017 17:45:02.573 INFO [main] org.apache.tomcat.util.net.NioSelectorPool.getSharedSelector Using a shared selector for servlet write/read
24-Jul-2017 17:45:02.574 INFO [main] org.apache.catalina.startup.Catalina.load Initialization processed in 1989 ms
24-Jul-2017 17:45:02.647 INFO [main] org.apache.catalina.core.StandardService.startInternal Starting service [Catalina]
24-Jul-2017 17:45:02.648 INFO [main] org.apache.catalina.core.StandardEngine.startInternal Starting Servlet Engine: Apache Tomcat/9.0.0.M22
24-Jul-2017 17:45:02.658 INFO [main] org.apache.catalina.startup.HostConfig.deployDirectory Deploying web application directory [/home/linhtran/Documents/team/server/apache-tomcat-9.0.0.M22/webapps/docs]
24-Jul-2017 17:45:03.700 INFO [main] org.apache.catalina.startup.HostConfig.deployDirectory Deployment of web application directory [/home/linhtran/Documents/team/server/apache-tomcat-9.0.0.M22/webapps/docs] has finished in [1,037] ms
24-Jul-2017 17:45:03.700 INFO [main] org.apache.catalina.startup.HostConfig.deployDirectory Deploying web application directory [/home/linhtran/Documents/team/server/apache-tomcat-9.0.0.M22/webapps/examples]
24-Jul-2017 17:45:05.019 INFO [main] org.apache.catalina.startup.HostConfig.deployDirectory Deployment of web application directory [/home/linhtran/Documents/team/server/apache-tomcat-9.0.0.M22/webapps/examples] has finished in [1,318] ms
24-Jul-2017 17:45:05.019 INFO [main] org.apache.catalina.startup.HostConfig.deployDirectory Deploying web application directory [/home/linhtran/Documents/team/server/apache-tomcat-9.0.0.M22/webapps/host-manager]
24-Jul-2017 17:45:05.093 INFO [main] org.apache.catalina.startup.HostConfig.deployDirectory Deployment of web application directory [/home/linhtran/Documents/team/server/apache-tomcat-9.0.0.M22/webapps/host-manager] has finished in [74] ms
24-Jul-2017 17:45:05.093 INFO [main] org.apache.catalina.startup.HostConfig.deployDirectory Deploying web application directory [/home/linhtran/Documents/team/server/apache-tomcat-9.0.0.M22/webapps/manager]
24-Jul-2017 17:45:05.160 INFO [main] org.apache.catalina.startup.HostConfig.deployDirectory Deployment of web application directory [/home/linhtran/Documents/team/server/apache-tomcat-9.0.0.M22/webapps/manager] has finished in [67] ms
24-Jul-2017 17:45:05.161 INFO [main] org.apache.catalina.startup.HostConfig.deployDirectory Deploying web application directory [/home/linhtran/Documents/team/server/apache-tomcat-9.0.0.M22/webapps/ROOT]
24-Jul-2017 17:45:05.192 INFO [main] org.apache.catalina.startup.HostConfig.deployDirectory Deployment of web application directory [/home/linhtran/Documents/team/server/apache-tomcat-9.0.0.M22/webapps/ROOT] has finished in [31] ms
24-Jul-2017 17:45:05.196 INFO [main] org.apache.coyote.AbstractProtocol.start Starting ProtocolHandler ["http-nio-8080"]
24-Jul-2017 17:45:05.213 INFO [main] org.apache.coyote.AbstractProtocol.start Starting ProtocolHandler ["ajp-nio-8009"]
24-Jul-2017 17:45:05.217 INFO [main] org.apache.catalina.startup.Catalina.start Server startup in 2642 ms
24-Jul-2017 17:45:36.984 INFO [main] org.apache.catalina.core.StandardServer.await A valid shutdown command was received via the shutdown port. Stopping the Server instance.
24-Jul-2017 17:45:36.985 INFO [main] org.apache.coyote.AbstractProtocol.pause Pausing ProtocolHandler ["http-nio-8080"]
24-Jul-2017 17:45:37.040 INFO [main] org.apache.coyote.AbstractProtocol.pause Pausing ProtocolHandler ["ajp-nio-8009"]
24-Jul-2017 17:45:37.092 INFO [main] org.apache.catalina.core.StandardService.stopInternal Stopping service [Catalina]
24-Jul-2017 17:45:37.187 INFO [main] org.apache.coyote.AbstractProtocol.stop Stopping ProtocolHandler ["http-nio-8080"]
24-Jul-2017 17:45:37.195 INFO [main] org.apache.coyote.AbstractProtocol.stop Stopping ProtocolHandler ["ajp-nio-8009"]
24-Jul-2017 17:45:37.198 INFO [main] org.apache.coyote.AbstractProtocol.destroy Destroying ProtocolHandler ["http-nio-8080"]
24-Jul-2017 17:45:37.199 INFO [main] org.apache.coyote.AbstractProtocol.destroy Destroying ProtocolHandler ["ajp-nio-8009"]
